<?xml version="1.0" encoding="UTF-8"?>
<testsuite xmlns:xsi="http://www.w3.org/2001/XMLSchema-instance" xsi:noNamespaceSchemaLocation="https://maven.apache.org/surefire/maven-surefire-plugin/xsd/surefire-test-report-3.0.xsd" version="3.0" name="test.java.com.gamestore.CartTest" time="0.028" tests="5" errors="0" skipped="0" failures="0">
  <properties>
    <property name="java.specification.version" value="21"/>
    <property name="sun.cpu.isalist" value="amd64"/>
    <property name="sun.jnu.encoding" value="Cp1252"/>
    <property name="java.class.path" value="C:\Users\jstri\IdeaProjects\gameStoreSystem\target\test-classes;C:\Users\jstri\IdeaProjects\gameStoreSystem\target\classes;C:\Users\jstri\.m2\repository\org\junit\jupiter\junit-jupiter\5.9.3\junit-jupiter-5.9.3.jar;C:\Users\jstri\.m2\repository\org\junit\jupiter\junit-jupiter-api\5.9.3\junit-jupiter-api-5.9.3.jar;C:\Users\jstri\.m2\repository\org\opentest4j\opentest4j\1.2.0\opentest4j-1.2.0.jar;C:\Users\jstri\.m2\repository\org\junit\platform\junit-platform-commons\1.9.3\junit-platform-commons-1.9.3.jar;C:\Users\jstri\.m2\repository\org\apiguardian\apiguardian-api\1.1.2\apiguardian-api-1.1.2.jar;C:\Users\jstri\.m2\repository\org\junit\jupiter\junit-jupiter-params\5.9.3\junit-jupiter-params-5.9.3.jar;C:\Users\jstri\.m2\repository\org\junit\jupiter\junit-jupiter-engine\5.9.3\junit-jupiter-engine-5.9.3.jar;C:\Users\jstri\.m2\repository\org\junit\platform\junit-platform-engine\1.9.3\junit-platform-engine-1.9.3.jar;"/>
    <property name="java.vm.vendor" value="Oracle Corporation"/>
    <property name="sun.arch.data.model" value="64"/>
    <property name="user.variant" value=""/>
    <property name="java.vendor.url" value="https://java.oracle.com/"/>
    <property name="user.timezone" value="America/St_Johns"/>
    <property name="os.name" value="Windows 11"/>
    <property name="java.vm.specification.version" value="21"/>
    <property name="sun.java.launcher" value="SUN_STANDARD"/>
    <property name="user.country" value="CA"/>
    <property name="sun.boot.library.path" value="C:\Users\jstri\Java\graalvm-jdk-21.0.7+8.1\bin"/>
    <property name="sun.java.command" value="C:\Users\jstri\AppData\Local\Temp\surefire3271215636390050755\surefirebooter-20250526104738710_3.jar C:\Users\jstri\AppData\Local\Temp\surefire3271215636390050755 2025-05-26T10-47-38_642-jvmRun1 surefire-20250526104738710_1tmp surefire_0-20250526104738710_2tmp"/>
    <property name="jdk.debug" value="release"/>
    <property name="surefire.test.class.path" value="C:\Users\jstri\IdeaProjects\gameStoreSystem\target\test-classes;C:\Users\jstri\IdeaProjects\gameStoreSystem\target\classes;C:\Users\jstri\.m2\repository\org\junit\jupiter\junit-jupiter\5.9.3\junit-jupiter-5.9.3.jar;C:\Users\jstri\.m2\repository\org\junit\jupiter\junit-jupiter-api\5.9.3\junit-jupiter-api-5.9.3.jar;C:\Users\jstri\.m2\repository\org\opentest4j\opentest4j\1.2.0\opentest4j-1.2.0.jar;C:\Users\jstri\.m2\repository\org\junit\platform\junit-platform-commons\1.9.3\junit-platform-commons-1.9.3.jar;C:\Users\jstri\.m2\repository\org\apiguardian\apiguardian-api\1.1.2\apiguardian-api-1.1.2.jar;C:\Users\jstri\.m2\repository\org\junit\jupiter\junit-jupiter-params\5.9.3\junit-jupiter-params-5.9.3.jar;C:\Users\jstri\.m2\repository\org\junit\jupiter\junit-jupiter-engine\5.9.3\junit-jupiter-engine-5.9.3.jar;C:\Users\jstri\.m2\repository\org\junit\platform\junit-platform-engine\1.9.3\junit-platform-engine-1.9.3.jar;"/>
    <property name="sun.cpu.endian" value="little"/>
    <property name="user.home" value="C:\Users\jstri"/>
    <property name="user.language" value="en"/>
    <property name="java.specification.vendor" value="Oracle Corporation"/>
    <property name="java.version.date" value="2025-04-15"/>
    <property name="java.home" value="C:\Users\jstri\Java\graalvm-jdk-21.0.7+8.1"/>
    <property name="file.separator" value="\"/>
    <property name="basedir" value="C:\Users\jstri\IdeaProjects\gameStoreSystem"/>
    <property name="java.vm.compressedOopsMode" value="Zero based"/>
    <property name="jdk.internal.vm.ci.enabled" value="true"/>
    <property name="line.separator" value="&#10;"/>
    <property name="java.vm.specification.vendor" value="Oracle Corporation"/>
    <property name="java.specification.name" value="Java Platform API Specification"/>
    <property name="surefire.real.class.path" value="C:\Users\jstri\AppData\Local\Temp\surefire3271215636390050755\surefirebooter-20250526104738710_3.jar"/>
    <property name="user.script" value=""/>
    <property name="sun.management.compiler" value="HotSpot 64-Bit Tiered Compilers"/>
    <property name="java.runtime.version" value="21.0.7+8-LTS-jvmci-23.1-b60"/>
    <property name="user.name" value="jstri"/>
    <property name="stdout.encoding" value="Cp1252"/>
    <property name="path.separator" value=";"/>
    <property name="os.version" value="10.0"/>
    <property name="java.runtime.name" value="Java(TM) SE Runtime Environment"/>
    <property name="file.encoding" value="UTF-8"/>
    <property name="java.vm.name" value="Java HotSpot(TM) 64-Bit Server VM"/>
    <property name="java.vendor.version" value="Oracle GraalVM 21.0.7+8.1"/>
    <property name="localRepository" value="C:\Users\jstri\.m2\repository"/>
    <property name="java.vendor.url.bug" value="https://bugreport.java.com/bugreport/"/>
    <property name="java.io.tmpdir" value="C:\Users\jstri\AppData\Local\Temp\"/>
    <property name="java.version" value="21.0.7"/>
    <property name="user.dir" value="C:\Users\jstri\IdeaProjects\gameStoreSystem"/>
    <property name="os.arch" value="amd64"/>
    <property name="java.vm.specification.name" value="Java Virtual Machine Specification"/>
    <property name="sun.os.patch.level" value=""/>
    <property name="native.encoding" value="Cp1252"/>
    <property name="java.library.path" value="C:\Users\jstri\Java\graalvm-jdk-21.0.7+8.1\bin;C:\WINDOWS\Sun\Java\bin;C:\WINDOWS\system32;C:\WINDOWS;C:\Users\jstri\Java\graalvm-jdk-21.0.7+8.1\bin;C:\Program Files\Eclipse Adoptium\jdk-21.0.6.7-hotspot\bin;C:\WINDOWS\system32;C:\WINDOWS;C:\WINDOWS\System32\Wbem;C:\WINDOWS\System32\WindowsPowerShell\v1.0\;C:\WINDOWS\System32\OpenSSH\;C:\Program Files (x86)\NVIDIA Corporation\PhysX\Common;C:\Program Files\dotnet\;C:\Program Files\NVIDIA Corporation\NVIDIA app\NvDLISR;C:\Users\jstri\AppData\Local\nvm;C:\nvm4w\nodej\nodejs;C:\Program Files\Git\cmd;C:\Maven\apache-maven-3.9.9\bin;C:\Users\jstri\Java\graalvm-jdk-21.0.7+8.1\bin;C:\Users\jstri\AppData\Local\Programs\Eclipse Adoptium\jdk-21.0.5.11-hotspot\bin;C:\Users\jstri\AppData\Local\Programs\Python\Python313\Scripts\;C:\Users\jstri\AppData\Local\Programs\Python\Python313\;C:\Users\jstri\AppData\Local\Programs\Python\Launcher\;C:\Users\jstri\AppData\Local\Microsoft\WindowsApps;C:\Users\jstri\AppData\Local\Programs\Microsoft VS Code\bin;C:\Program Files\JetBrains\IntelliJ IDEA 2024.3.1.1\bin;C:\Users\jstri\AppData\Roaming\npm;C:\Program Files\JetBrains\IntelliJ I;C:\ProgramData\chocolatey\bin;C:\Users\jstri\AppData\Local\Programs\Eclipse Adoptium\jdk-21.0.5.11-hotspot\bin;C:\Users\jstri\AppData\Local\Programs\Python\Python313\Scripts\;C:\Users\jstri\AppData\Local\Programs\Python\Python313\;C:\Users\jstri\AppData\Local\Programs\Python\Launcher\;C:\Users\jstri\AppData\Local\Microsoft\WindowsApps;C:\Users\jstri\AppData\Local\Programs\Microsoft VS Code\bin;C:\Program Files\JetBrains\IntelliJ IDEA 2024.3.1.1\bin;;C:\Users\jstri\AppData\Roaming\npm;C:\Users\jstri\AppData\Local\nvm;C:\nvm4w\nodej\nodejs;C:\Program Files\JetBrains\IntelliJ IDEA Community Edition 2024.3.3\bin;;C:\Users\jstri\AppData\Local\Programs\mongosh\;C:\Users\jstri\.dotnet\tools;."/>
    <property name="java.vm.info" value="mixed mode, sharing"/>
    <property name="stderr.encoding" value="Cp1252"/>
    <property name="java.vendor" value="Oracle Corporation"/>
    <property name="java.vm.version" value="21.0.7+8-LTS-jvmci-23.1-b60"/>
    <property name="sun.io.unicode.encoding" value="UnicodeLittle"/>
    <property name="java.class.version" value="65.0"/>
  </properties>
  <testcase name="testAddGameIncreasesCartSize" classname="test.java.com.gamestore.CartTest" time="0.01"/>
  <testcase name="testClearEmptiesCartAndResetsTotal" classname="test.java.com.gamestore.CartTest" time="0.003"/>
  <testcase name="testRemoveGameSuccessfully" classname="test.java.com.gamestore.CartTest" time="0.002"/>
  <testcase name="testTotalCalculation" classname="test.java.com.gamestore.CartTest" time="0.001"/>
  <testcase name="testRemoveNonexistentGameReturnsFalse" classname="test.java.com.gamestore.CartTest" time="0.001"/>
</testsuite>